<?xml version="1.0" encoding="UTF-8"?>
<!-- Generated by org.testng.reporters.JUnitReportReporter -->
<testsuite hostname="EPHKHONW0042" failures="0" tests="3" name="runner.TestRunner" time="48.642" errors="0" timestamp="2022-08-02T13:44:35 CST" skipped="0">
  <testcase classname="runner.TestRunner" name="runScenario" time="16.895"/>
  <system-out/>
  <testcase classname="runner.TestRunner" name="runScenario" time="18.905"/>
  <system-out/>
  <testcase classname="runner.TestRunner" name="runScenario" time="12.842"/>
  <system-out/>
</testsuite> <!-- runner.TestRunner -->
